Arguments: 
  /usr/bin/node /usr/bin/yarn add jquery @3.5.1

PATH: 
  /home/vagrant/.composer/vendor/bin:/usr/local/sbin:/usr/local/bin:/usr/sbin:/usr/bin:/sbin:/bin:/usr/games:/usr/local/games:/snap/bin

Yarn version: 
  1.19.0

Node version: 
  12.14.1

Platform: 
  linux x64

Trace: 
  Error: https://registry.yarnpkg.com/@3.5.1: Request "https://registry.yarnpkg.com/@3.5.1" returned a 405
      at Request.params.callback [as _callback] (/usr/lib/node_modules/yarn/lib/cli.js:66927:18)
      at Request.self.callback (/usr/lib/node_modules/yarn/lib/cli.js:140539:22)
      at Request.emit (events.js:223:5)
      at Request.<anonymous> (/usr/lib/node_modules/yarn/lib/cli.js:141511:10)
      at Request.emit (events.js:223:5)
      at IncomingMessage.<anonymous> (/usr/lib/node_modules/yarn/lib/cli.js:141433:12)
      at Object.onceWrapper (events.js:312:28)
      at IncomingMessage.emit (events.js:228:7)
      at endReadableNT (_stream_readable.js:1185:12)
      at processTicksAndRejections (internal/process/task_queues.js:81:21)

npm manifest: 
  {
    "dependencies": {
      "bootstrap": "4.0.0",
      "popper.js": "1.12.9"
    }
  }

yarn manifest: 
  No manifest

Lockfile: 
  # THIS IS AN AUTOGENERATED FILE. DO NOT EDIT THIS FILE DIRECTLY.
  # yarn lockfile v1
  
  
  bootstrap@4.0.0:
    version "4.0.0"
    resolved "https://registry.yarnpkg.com/bootstrap/-/bootstrap-4.0.0.tgz#ceb03842c145fcc1b9b4e15da2a05656ba68469a"
    integrity sha512-gulJE5dGFo6Q61V/whS6VM4WIyrlydXfCgkE+Gxe5hjrJ8rXLLZlALq7zq2RPhOc45PSwQpJkrTnc2KgD6cvmA==
  
  popper.js@1.12.9:
    version "1.12.9"
    resolved "https://registry.yarnpkg.com/popper.js/-/popper.js-1.12.9.tgz#0dfbc2dff96c451bb332edcfcfaaf566d331d5b3"
    integrity sha1-DfvC3/lsRRuzMu3Pz6r1ZtMx1bM=
